<?xml version="1.0" encoding="UTF-8"?>
<testng-results skipped="0" failed="2" ignored="0" total="6" passed="4">
  <reporter-output>
  </reporter-output>
  <suite name="Default suite" duration-ms="235871" started-at="2020-03-24T16:52:51 CAT" finished-at="2020-03-24T16:56:47 CAT">
    <groups>
    </groups>
    <test name="Default test" duration-ms="235871" started-at="2020-03-24T16:52:51 CAT" finished-at="2020-03-24T16:56:47 CAT">
      <class name="selenium.automation.maintestsuite.MainTestSuite">
        <test-method status="PASS" signature="beforeTest()[pri:0, instance:selenium.automation.maintestsuite.MainTestSuite@30b8a058]" name="beforeTest" is-config="true" duration-ms="8" started-at="2020-03-24T16:52:51 CAT" finished-at="2020-03-24T16:52:51 CAT">
          <reporter-output>
          </reporter-output>
        </test-method> <!-- beforeTest -->
        <test-method status="PASS" signature="BeforeTestCase()[pri:0, instance:selenium.automation.maintestsuite.MainTestSuite@30b8a058]" name="BeforeTestCase" is-config="true" duration-ms="26494" started-at="2020-03-24T16:52:51 CAT" finished-at="2020-03-24T16:53:18 CAT">
          <reporter-output>
          </reporter-output>
        </test-method> <!-- BeforeTestCase -->
        <test-method status="PASS" signature="VerifyAttachmentExistsOnTheMail()[pri:0, instance:selenium.automation.maintestsuite.MainTestSuite@30b8a058]" name="VerifyAttachmentExistsOnTheMail" duration-ms="11132" started-at="2020-03-24T16:53:18 CAT" description="Verifies that the &#039;Sender&#039; Gmail account has an inbox message with an attachment" finished-at="2020-03-24T16:53:29 CAT">
          <reporter-output>
          </reporter-output>
        </test-method> <!-- VerifyAttachmentExistsOnTheMail -->
        <test-method status="PASS" signature="afterTestCase()[pri:0, instance:selenium.automation.maintestsuite.MainTestSuite@30b8a058]" name="afterTestCase" is-config="true" duration-ms="110" started-at="2020-03-24T16:53:29 CAT" finished-at="2020-03-24T16:53:29 CAT">
          <reporter-output>
          </reporter-output>
        </test-method> <!-- afterTestCase -->
        <test-method status="PASS" signature="BeforeTestCase()[pri:0, instance:selenium.automation.maintestsuite.MainTestSuite@30b8a058]" name="BeforeTestCase" is-config="true" duration-ms="26065" started-at="2020-03-24T16:53:29 CAT" finished-at="2020-03-24T16:53:55 CAT">
          <reporter-output>
          </reporter-output>
        </test-method> <!-- BeforeTestCase -->
        <test-method status="FAIL" signature="VerifyEmailReceived()[pri:0, instance:selenium.automation.maintestsuite.MainTestSuite@30b8a058]" name="VerifyEmailReceived" duration-ms="12417" started-at="2020-03-24T16:53:55 CAT" description="Verifies that the message sent has been received by the recipient" finished-at="2020-03-24T16:54:08 CAT">
          <exception class="org.openqa.selenium.TimeoutException">
            <message>
              <![CDATA[Expected condition failed: waiting for visibility of element located by By.xpath: //table[role='grid'] (tried for 10 second(s) with 500 milliseconds interval)]]>
            </message>
            <full-stacktrace>
              <![CDATA[org.openqa.selenium.TimeoutException: Expected condition failed: waiting for visibility of element located by By.xpath: //table[role='grid'] (tried for 10 second(s) with 500 milliseconds interval)
at org.openqa.selenium.support.ui.WebDriverWait.timeoutException(WebDriverWait.java:95)
at org.openqa.selenium.support.ui.FluentWait.until(FluentWait.java:272)
at selenium.automation.pageobjects.GmailHomeScreen.checkInboxContainsMessage(GmailHomeScreen.java:105)
at selenium.automation.maintestsuite.MainTestSuite.VerifyEmailReceived(MainTestSuite.java:118)
at sun.reflect.NativeMethodAccessorImpl.invoke0(Native Method)
at sun.reflect.NativeMethodAccessorImpl.invoke(Unknown Source)
at sun.reflect.DelegatingMethodAccessorImpl.invoke(Unknown Source)
at java.lang.reflect.Method.invoke(Unknown Source)
at org.testng.internal.MethodInvocationHelper.invokeMethod(MethodInvocationHelper.java:134)
at org.testng.internal.TestInvoker.invokeMethod(TestInvoker.java:597)
at org.testng.internal.TestInvoker.invokeTestMethod(TestInvoker.java:173)
at org.testng.internal.MethodRunner.runInSequence(MethodRunner.java:46)
at org.testng.internal.TestInvoker$MethodInvocationAgent.invoke(TestInvoker.java:816)
at org.testng.internal.TestInvoker.invokeTestMethods(TestInvoker.java:146)
at org.testng.internal.TestMethodWorker.invokeTestMethods(TestMethodWorker.java:146)
at org.testng.internal.TestMethodWorker.run(TestMethodWorker.java:128)
at java.util.ArrayList.forEach(Unknown Source)
at org.testng.TestRunner.privateRun(TestRunner.java:766)
at org.testng.TestRunner.run(TestRunner.java:587)
at org.testng.SuiteRunner.runTest(SuiteRunner.java:384)
at org.testng.SuiteRunner.runSequentially(SuiteRunner.java:378)
at org.testng.SuiteRunner.privateRun(SuiteRunner.java:337)
at org.testng.SuiteRunner.run(SuiteRunner.java:286)
at org.testng.SuiteRunnerWorker.runSuite(SuiteRunnerWorker.java:53)
at org.testng.SuiteRunnerWorker.run(SuiteRunnerWorker.java:96)
at org.testng.TestNG.runSuitesSequentially(TestNG.java:1187)
at org.testng.TestNG.runSuitesLocally(TestNG.java:1109)
at org.testng.TestNG.runSuites(TestNG.java:1039)
at org.testng.TestNG.run(TestNG.java:1007)
at org.testng.remote.AbstractRemoteTestNG.run(AbstractRemoteTestNG.java:115)
at org.testng.remote.RemoteTestNG.initAndRun(RemoteTestNG.java:251)
at org.testng.remote.RemoteTestNG.main(RemoteTestNG.java:77)
Caused by: org.openqa.selenium.NoSuchElementException: no such element: Unable to locate element: {"method":"xpath","selector":"//table[role='grid']"}
  (Session info: chrome=80.0.3987.149)
For documentation on this error, please visit: https://www.seleniumhq.org/exceptions/no_such_element.html
Build info: version: '3.141.59', revision: 'e82be7d358', time: '2018-11-14T08:17:03'
System info: host: 'JNBVUSIM-NB', ip: '172.26.22.128', os.name: 'Windows 10', os.arch: 'amd64', os.version: '10.0', java.version: '1.8.0_231'
Driver info: org.openqa.selenium.chrome.ChromeDriver
Capabilities {acceptInsecureCerts: false, browserName: chrome, browserVersion: 80.0.3987.149, chrome: {chromedriverVersion: 80.0.3987.106 (f68069574609..., userDataDir: C:\Users\VUSI~1.MNG\AppData...}, goog:chromeOptions: {debuggerAddress: localhost:51383}, javascriptEnabled: true, networkConnectionEnabled: false, pageLoadStrategy: normal, platform: WINDOWS, platformName: WINDOWS, proxy: Proxy(), setWindowRect: true, strictFileInteractability: false, timeouts: {implicit: 0, pageLoad: 300000, script: 30000}, unhandledPromptBehavior: dismiss and notify}
Session ID: 223fe84368a2c09bb9867177b6793ff9
*** Element info: {Using=xpath, value=//table[role='grid']}
at sun.reflect.NativeConstructorAccessorImpl.newInstance0(Native Method)
at sun.reflect.NativeConstructorAccessorImpl.newInstance(Unknown Source)
at sun.reflect.DelegatingConstructorAccessorImpl.newInstance(Unknown Source)
at java.lang.reflect.Constructor.newInstance(Unknown Source)
at org.openqa.selenium.remote.http.W3CHttpResponseCodec.createException(W3CHttpResponseCodec.java:187)
at org.openqa.selenium.remote.http.W3CHttpResponseCodec.decode(W3CHttpResponseCodec.java:122)
at org.openqa.selenium.remote.http.W3CHttpResponseCodec.decode(W3CHttpResponseCodec.java:49)
at org.openqa.selenium.remote.HttpCommandExecutor.execute(HttpCommandExecutor.java:158)
at org.openqa.selenium.remote.service.DriverCommandExecutor.execute(DriverCommandExecutor.java:83)
at org.openqa.selenium.remote.RemoteWebDriver.execute(RemoteWebDriver.java:552)
at org.openqa.selenium.remote.RemoteWebDriver.findElement(RemoteWebDriver.java:323)
at org.openqa.selenium.remote.RemoteWebDriver.findElementByXPath(RemoteWebDriver.java:428)
at org.openqa.selenium.By$ByXPath.findElement(By.java:353)
at org.openqa.selenium.remote.RemoteWebDriver.findElement(RemoteWebDriver.java:315)
at org.openqa.selenium.support.ui.ExpectedConditions$7.apply(ExpectedConditions.java:205)
at org.openqa.selenium.support.ui.ExpectedConditions$7.apply(ExpectedConditions.java:201)
at org.openqa.selenium.support.ui.FluentWait.until(FluentWait.java:249)
... 30 more
]]>
            </full-stacktrace>
          </exception> <!-- org.openqa.selenium.TimeoutException -->
          <reporter-output>
          </reporter-output>
        </test-method> <!-- VerifyEmailReceived -->
        <test-method status="PASS" signature="afterTestCase()[pri:0, instance:selenium.automation.maintestsuite.MainTestSuite@30b8a058]" name="afterTestCase" is-config="true" duration-ms="2151" started-at="2020-03-24T16:54:08 CAT" finished-at="2020-03-24T16:54:10 CAT">
          <reporter-output>
          </reporter-output>
        </test-method> <!-- afterTestCase -->
        <test-method status="PASS" signature="BeforeTestCase()[pri:0, instance:selenium.automation.maintestsuite.MainTestSuite@30b8a058]" name="BeforeTestCase" is-config="true" duration-ms="26046" started-at="2020-03-24T16:54:10 CAT" finished-at="2020-03-24T16:54:36 CAT">
          <reporter-output>
          </reporter-output>
        </test-method> <!-- BeforeTestCase -->
        <test-method status="FAIL" signature="VerifyEmailReceivedWithAttachment()[pri:0, instance:selenium.automation.maintestsuite.MainTestSuite@30b8a058]" name="VerifyEmailReceivedWithAttachment" duration-ms="12285" started-at="2020-03-24T16:54:36 CAT" description="Verifies that the message received has an attachment" finished-at="2020-03-24T16:54:48 CAT">
          <exception class="org.openqa.selenium.TimeoutException">
            <message>
              <![CDATA[Expected condition failed: waiting for visibility of element located by By.xpath: //span[text()='AttachmentExample.docx'] (tried for 10 second(s) with 500 milliseconds interval)]]>
            </message>
            <full-stacktrace>
              <![CDATA[org.openqa.selenium.TimeoutException: Expected condition failed: waiting for visibility of element located by By.xpath: //span[text()='AttachmentExample.docx'] (tried for 10 second(s) with 500 milliseconds interval)
at org.openqa.selenium.support.ui.WebDriverWait.timeoutException(WebDriverWait.java:95)
at org.openqa.selenium.support.ui.FluentWait.until(FluentWait.java:272)
at selenium.automation.pageobjects.GmailHomeScreen.attachmentExists(GmailHomeScreen.java:51)
at selenium.automation.maintestsuite.MainTestSuite.VerifyEmailReceivedWithAttachment(MainTestSuite.java:131)
at sun.reflect.NativeMethodAccessorImpl.invoke0(Native Method)
at sun.reflect.NativeMethodAccessorImpl.invoke(Unknown Source)
at sun.reflect.DelegatingMethodAccessorImpl.invoke(Unknown Source)
at java.lang.reflect.Method.invoke(Unknown Source)
at org.testng.internal.MethodInvocationHelper.invokeMethod(MethodInvocationHelper.java:134)
at org.testng.internal.TestInvoker.invokeMethod(TestInvoker.java:597)
at org.testng.internal.TestInvoker.invokeTestMethod(TestInvoker.java:173)
at org.testng.internal.MethodRunner.runInSequence(MethodRunner.java:46)
at org.testng.internal.TestInvoker$MethodInvocationAgent.invoke(TestInvoker.java:816)
at org.testng.internal.TestInvoker.invokeTestMethods(TestInvoker.java:146)
at org.testng.internal.TestMethodWorker.invokeTestMethods(TestMethodWorker.java:146)
at org.testng.internal.TestMethodWorker.run(TestMethodWorker.java:128)
at java.util.ArrayList.forEach(Unknown Source)
at org.testng.TestRunner.privateRun(TestRunner.java:766)
at org.testng.TestRunner.run(TestRunner.java:587)
at org.testng.SuiteRunner.runTest(SuiteRunner.java:384)
at org.testng.SuiteRunner.runSequentially(SuiteRunner.java:378)
at org.testng.SuiteRunner.privateRun(SuiteRunner.java:337)
at org.testng.SuiteRunner.run(SuiteRunner.java:286)
at org.testng.SuiteRunnerWorker.runSuite(SuiteRunnerWorker.java:53)
at org.testng.SuiteRunnerWorker.run(SuiteRunnerWorker.java:96)
at org.testng.TestNG.runSuitesSequentially(TestNG.java:1187)
at org.testng.TestNG.runSuitesLocally(TestNG.java:1109)
at org.testng.TestNG.runSuites(TestNG.java:1039)
at org.testng.TestNG.run(TestNG.java:1007)
at org.testng.remote.AbstractRemoteTestNG.run(AbstractRemoteTestNG.java:115)
at org.testng.remote.RemoteTestNG.initAndRun(RemoteTestNG.java:251)
at org.testng.remote.RemoteTestNG.main(RemoteTestNG.java:77)
Caused by: org.openqa.selenium.NoSuchElementException: no such element: Unable to locate element: {"method":"xpath","selector":"//span[text()='AttachmentExample.docx']"}
  (Session info: chrome=80.0.3987.149)
For documentation on this error, please visit: https://www.seleniumhq.org/exceptions/no_such_element.html
Build info: version: '3.141.59', revision: 'e82be7d358', time: '2018-11-14T08:17:03'
System info: host: 'JNBVUSIM-NB', ip: '172.26.22.128', os.name: 'Windows 10', os.arch: 'amd64', os.version: '10.0', java.version: '1.8.0_231'
Driver info: org.openqa.selenium.chrome.ChromeDriver
Capabilities {acceptInsecureCerts: false, browserName: chrome, browserVersion: 80.0.3987.149, chrome: {chromedriverVersion: 80.0.3987.106 (f68069574609..., userDataDir: C:\Users\VUSI~1.MNG\AppData...}, goog:chromeOptions: {debuggerAddress: localhost:51501}, javascriptEnabled: true, networkConnectionEnabled: false, pageLoadStrategy: normal, platform: WINDOWS, platformName: WINDOWS, proxy: Proxy(), setWindowRect: true, strictFileInteractability: false, timeouts: {implicit: 0, pageLoad: 300000, script: 30000}, unhandledPromptBehavior: dismiss and notify}
Session ID: bf21f868e03d9e1bc7731bb6388ca797
*** Element info: {Using=xpath, value=//span[text()='AttachmentExample.docx']}
at sun.reflect.NativeConstructorAccessorImpl.newInstance0(Native Method)
at sun.reflect.NativeConstructorAccessorImpl.newInstance(Unknown Source)
at sun.reflect.DelegatingConstructorAccessorImpl.newInstance(Unknown Source)
at java.lang.reflect.Constructor.newInstance(Unknown Source)
at org.openqa.selenium.remote.http.W3CHttpResponseCodec.createException(W3CHttpResponseCodec.java:187)
at org.openqa.selenium.remote.http.W3CHttpResponseCodec.decode(W3CHttpResponseCodec.java:122)
at org.openqa.selenium.remote.http.W3CHttpResponseCodec.decode(W3CHttpResponseCodec.java:49)
at org.openqa.selenium.remote.HttpCommandExecutor.execute(HttpCommandExecutor.java:158)
at org.openqa.selenium.remote.service.DriverCommandExecutor.execute(DriverCommandExecutor.java:83)
at org.openqa.selenium.remote.RemoteWebDriver.execute(RemoteWebDriver.java:552)
at org.openqa.selenium.remote.RemoteWebDriver.findElement(RemoteWebDriver.java:323)
at org.openqa.selenium.remote.RemoteWebDriver.findElementByXPath(RemoteWebDriver.java:428)
at org.openqa.selenium.By$ByXPath.findElement(By.java:353)
at org.openqa.selenium.remote.RemoteWebDriver.findElement(RemoteWebDriver.java:315)
at org.openqa.selenium.support.ui.ExpectedConditions$7.apply(ExpectedConditions.java:205)
at org.openqa.selenium.support.ui.ExpectedConditions$7.apply(ExpectedConditions.java:201)
at org.openqa.selenium.support.ui.FluentWait.until(FluentWait.java:249)
... 30 more
]]>
            </full-stacktrace>
          </exception> <!-- org.openqa.selenium.TimeoutException -->
          <reporter-output>
          </reporter-output>
        </test-method> <!-- VerifyEmailReceivedWithAttachment -->
        <test-method status="PASS" signature="afterTestCase()[pri:0, instance:selenium.automation.maintestsuite.MainTestSuite@30b8a058]" name="afterTestCase" is-config="true" duration-ms="104" started-at="2020-03-24T16:54:48 CAT" finished-at="2020-03-24T16:54:48 CAT">
          <reporter-output>
          </reporter-output>
        </test-method> <!-- afterTestCase -->
        <test-method status="PASS" signature="BeforeTestCase()[pri:0, instance:selenium.automation.maintestsuite.MainTestSuite@30b8a058]" name="BeforeTestCase" is-config="true" duration-ms="26290" started-at="2020-03-24T16:54:48 CAT" finished-at="2020-03-24T16:55:14 CAT">
          <reporter-output>
          </reporter-output>
        </test-method> <!-- BeforeTestCase -->
        <test-method status="PASS" signature="VerifyEmailSent()[pri:0, instance:selenium.automation.maintestsuite.MainTestSuite@30b8a058]" name="VerifyEmailSent" duration-ms="17072" started-at="2020-03-24T16:55:14 CAT" description="Checks to see if the Gmail message has been composed and sent to the recipient" finished-at="2020-03-24T16:55:32 CAT">
          <reporter-output>
          </reporter-output>
        </test-method> <!-- VerifyEmailSent -->
        <test-method status="PASS" signature="afterTestCase()[pri:0, instance:selenium.automation.maintestsuite.MainTestSuite@30b8a058]" name="afterTestCase" is-config="true" duration-ms="2428" started-at="2020-03-24T16:55:32 CAT" finished-at="2020-03-24T16:55:34 CAT">
          <reporter-output>
          </reporter-output>
        </test-method> <!-- afterTestCase -->
        <test-method status="PASS" signature="BeforeTestCase()[pri:0, instance:selenium.automation.maintestsuite.MainTestSuite@30b8a058]" name="BeforeTestCase" is-config="true" duration-ms="26333" started-at="2020-03-24T16:55:34 CAT" finished-at="2020-03-24T16:56:00 CAT">
          <reporter-output>
          </reporter-output>
        </test-method> <!-- BeforeTestCase -->
        <test-method status="PASS" signature="VerifyRecipientsGMailCredenetials()[pri:0, instance:selenium.automation.maintestsuite.MainTestSuite@30b8a058]" name="VerifyRecipientsGMailCredenetials" duration-ms="9294" started-at="2020-03-24T16:56:00 CAT" description="Checks and verifies that the correct given &#039;Recipient&#039; Gmail username and passwordleads to Gmail home page/index" finished-at="2020-03-24T16:56:10 CAT">
          <reporter-output>
          </reporter-output>
        </test-method> <!-- VerifyRecipientsGMailCredenetials -->
        <test-method status="PASS" signature="afterTestCase()[pri:0, instance:selenium.automation.maintestsuite.MainTestSuite@30b8a058]" name="afterTestCase" is-config="true" duration-ms="2120" started-at="2020-03-24T16:56:10 CAT" finished-at="2020-03-24T16:56:12 CAT">
          <reporter-output>
          </reporter-output>
        </test-method> <!-- afterTestCase -->
        <test-method status="PASS" signature="BeforeTestCase()[pri:0, instance:selenium.automation.maintestsuite.MainTestSuite@30b8a058]" name="BeforeTestCase" is-config="true" duration-ms="25959" started-at="2020-03-24T16:56:12 CAT" finished-at="2020-03-24T16:56:38 CAT">
          <reporter-output>
          </reporter-output>
        </test-method> <!-- BeforeTestCase -->
        <test-method status="PASS" signature="VerifySenderGMailCredentials()[pri:0, instance:selenium.automation.maintestsuite.MainTestSuite@30b8a058]" name="VerifySenderGMailCredentials" duration-ms="9451" started-at="2020-03-24T16:56:38 CAT" description="Checks and verifies that the correct given &#039;Sender&#039; gmail username and password leads to Gmail home page/index" finished-at="2020-03-24T16:56:47 CAT">
          <reporter-output>
          </reporter-output>
        </test-method> <!-- VerifySenderGMailCredentials -->
        <test-method status="PASS" signature="afterTestCase()[pri:0, instance:selenium.automation.maintestsuite.MainTestSuite@30b8a058]" name="afterTestCase" is-config="true" duration-ms="64" started-at="2020-03-24T16:56:47 CAT" finished-at="2020-03-24T16:56:47 CAT">
          <reporter-output>
          </reporter-output>
        </test-method> <!-- afterTestCase -->
      </class> <!-- selenium.automation.maintestsuite.MainTestSuite -->
    </test> <!-- Default test -->
  </suite> <!-- Default suite -->
</testng-results>
